<package>
  <name>rtmbuild_test</name>
  <version>0.0.1</version>
  <description> rtmbuild_test </description>
  <maintainer email="k-okada@jsk.t.u-tokyo.ac.jp">Kei Okada</maintainer>

  <license>BSD</license>

  <buildtool_depend>catkin</buildtool_depend>

  <build_depend>rtmbuild</build_depend>

</package>
